<?xml version="1.0" encoding="UTF-8"?>
<testng-results ignored="0" total="6" passed="6" failed="0" skipped="0">
  <reporter-output>
  </reporter-output>
  <suite started-at="2024-07-03T08:53:43 IST" name="Suite" finished-at="2024-07-03T08:54:07 IST" duration-ms="24185">
    <groups>
      <group name="cucumber">
        <method signature="AbstractTestNGCucumberTests.runScenario(io.cucumber.testng.PickleWrapper,io.cucumber.testng.FeatureWrapper)[pri:0, instance:TestRunner.AdminPageRunnerTest@769e7ee8]" name="runScenario" class="io.cucumber.testng.AbstractTestNGCucumberTests"/>
        <method signature="AbstractTestNGCucumberTests.runScenario(io.cucumber.testng.PickleWrapper,io.cucumber.testng.FeatureWrapper)[pri:0, instance:TestRunner.PIMPageRunnerTest@2f112965]" name="runScenario" class="io.cucumber.testng.AbstractTestNGCucumberTests"/>
      </group> <!-- cucumber -->
    </groups>
    <test started-at="2024-07-03T08:53:43 IST" name="Test 1" finished-at="2024-07-03T08:54:07 IST" duration-ms="24185">
      <class name="TestRunner.AdminPageRunnerTest">
        <test-method is-config="true" signature="setUpClass()[pri:0, instance:TestRunner.AdminPageRunnerTest@769e7ee8]" started-at="2024-07-03T08:53:43 IST" name="setUpClass" finished-at="2024-07-03T08:53:43 IST" duration-ms="200" status="PASS">
          <reporter-output>
          </reporter-output>
        </test-method> <!-- setUpClass -->
        <test-method signature="runScenario(io.cucumber.testng.PickleWrapper,io.cucumber.testng.FeatureWrapper)[pri:0, instance:TestRunner.AdminPageRunnerTest@769e7ee8]" started-at="2024-07-03T08:53:43 IST" name="runScenario" description="Runs Cucumber Scenarios" data-provider="scenarios" finished-at="2024-07-03T08:53:54 IST" duration-ms="10588" status="PASS">
          <params>
            <param index="0">
              <value>
                <![CDATA["Validate login functionaliy"]]>
              </value>
            </param>
            <param index="1">
              <value>
                <![CDATA["Optional[Test End to End Admin Page Functionality]"]]>
              </value>
            </param>
          </params>
          <reporter-output>
          </reporter-output>
        </test-method> <!-- runScenario -->
        <test-method signature="runScenario(io.cucumber.testng.PickleWrapper,io.cucumber.testng.FeatureWrapper)[pri:0, instance:TestRunner.AdminPageRunnerTest@769e7ee8]" started-at="2024-07-03T08:53:54 IST" name="runScenario" description="Runs Cucumber Scenarios" data-provider="scenarios" finished-at="2024-07-03T08:53:54 IST" duration-ms="560" status="PASS">
          <params>
            <param index="0">
              <value>
                <![CDATA["validate home page Functionality"]]>
              </value>
            </param>
            <param index="1">
              <value>
                <![CDATA["Optional[Test End to End Admin Page Functionality]"]]>
              </value>
            </param>
          </params>
          <reporter-output>
          </reporter-output>
        </test-method> <!-- runScenario -->
        <test-method signature="runScenario(io.cucumber.testng.PickleWrapper,io.cucumber.testng.FeatureWrapper)[pri:0, instance:TestRunner.AdminPageRunnerTest@769e7ee8]" started-at="2024-07-03T08:53:54 IST" name="runScenario" description="Runs Cucumber Scenarios" data-provider="scenarios" finished-at="2024-07-03T08:54:07 IST" duration-ms="12793" status="PASS">
          <params>
            <param index="0">
              <value>
                <![CDATA["validate Admin page Functionality"]]>
              </value>
            </param>
            <param index="1">
              <value>
                <![CDATA["Optional[Test End to End Admin Page Functionality]"]]>
              </value>
            </param>
          </params>
          <reporter-output>
          </reporter-output>
        </test-method> <!-- runScenario -->
        <test-method is-config="true" signature="tearDownClass()[pri:0, instance:TestRunner.AdminPageRunnerTest@769e7ee8]" started-at="2024-07-03T08:54:07 IST" name="tearDownClass" finished-at="2024-07-03T08:54:07 IST" duration-ms="5" status="PASS">
          <reporter-output>
          </reporter-output>
        </test-method> <!-- tearDownClass -->
      </class> <!-- TestRunner.AdminPageRunnerTest -->
      <class name="TestRunner.PIMPageRunnerTest">
        <test-method is-config="true" signature="setUpClass()[pri:0, instance:TestRunner.PIMPageRunnerTest@2f112965]" started-at="2024-07-03T08:53:43 IST" name="setUpClass" finished-at="2024-07-03T08:53:43 IST" duration-ms="200" status="PASS">
          <reporter-output>
          </reporter-output>
        </test-method> <!-- setUpClass -->
        <test-method signature="runScenario(io.cucumber.testng.PickleWrapper,io.cucumber.testng.FeatureWrapper)[pri:0, instance:TestRunner.PIMPageRunnerTest@2f112965]" started-at="2024-07-03T08:53:43 IST" name="runScenario" description="Runs Cucumber Scenarios" data-provider="scenarios" finished-at="2024-07-03T08:53:49 IST" duration-ms="6002" status="PASS">
          <params>
            <param index="0">
              <value>
                <![CDATA["Validate login functionaliy"]]>
              </value>
            </param>
            <param index="1">
              <value>
                <![CDATA["Optional[Test End to End PIM Page Functionality]"]]>
              </value>
            </param>
          </params>
          <reporter-output>
          </reporter-output>
        </test-method> <!-- runScenario -->
        <test-method signature="runScenario(io.cucumber.testng.PickleWrapper,io.cucumber.testng.FeatureWrapper)[pri:0, instance:TestRunner.PIMPageRunnerTest@2f112965]" started-at="2024-07-03T08:53:49 IST" name="runScenario" description="Runs Cucumber Scenarios" data-provider="scenarios" finished-at="2024-07-03T08:53:51 IST" duration-ms="1686" status="PASS">
          <params>
            <param index="0">
              <value>
                <![CDATA["validate home page Functionality"]]>
              </value>
            </param>
            <param index="1">
              <value>
                <![CDATA["Optional[Test End to End PIM Page Functionality]"]]>
              </value>
            </param>
          </params>
          <reporter-output>
          </reporter-output>
        </test-method> <!-- runScenario -->
        <test-method signature="runScenario(io.cucumber.testng.PickleWrapper,io.cucumber.testng.FeatureWrapper)[pri:0, instance:TestRunner.PIMPageRunnerTest@2f112965]" started-at="2024-07-03T08:53:51 IST" name="runScenario" description="Runs Cucumber Scenarios" data-provider="scenarios" finished-at="2024-07-03T08:54:04 IST" duration-ms="13137" status="PASS">
          <params>
            <param index="0">
              <value>
                <![CDATA["Validate PIM Page Functionality"]]>
              </value>
            </param>
            <param index="1">
              <value>
                <![CDATA["Optional[Test End to End PIM Page Functionality]"]]>
              </value>
            </param>
          </params>
          <reporter-output>
          </reporter-output>
        </test-method> <!-- runScenario -->
        <test-method is-config="true" signature="tearDownClass()[pri:0, instance:TestRunner.PIMPageRunnerTest@2f112965]" started-at="2024-07-03T08:54:04 IST" name="tearDownClass" finished-at="2024-07-03T08:54:04 IST" duration-ms="17" status="PASS">
          <reporter-output>
          </reporter-output>
        </test-method> <!-- tearDownClass -->
      </class> <!-- TestRunner.PIMPageRunnerTest -->
    </test> <!-- Test 1 -->
  </suite> <!-- Suite -->
</testng-results>
