<?xml version="1.0" encoding="UTF-8"?>
<testng-results ignored="0" total="1" passed="1" failed="0" skipped="0">
  <reporter-output>
  </reporter-output>
  <suite started-at="2024-08-05T09:57:56 IST" name="Default suite" finished-at="2024-08-05T09:58:54 IST" duration-ms="58317">
    <groups>
      <group name="cucumber">
        <method signature="AbstractTestNGCucumberTests.runScenario(io.cucumber.testng.PickleWrapper,io.cucumber.testng.FeatureWrapper)[pri:0, instance:TestRunner.HomePageRunnerTest@2d52216b]" name="runScenario" class="io.cucumber.testng.AbstractTestNGCucumberTests"/>
      </group> <!-- cucumber -->
    </groups>
    <test started-at="2024-08-05T09:57:56 IST" name="Default test" finished-at="2024-08-05T09:58:54 IST" duration-ms="58317">
      <class name="TestRunner.HomePageRunnerTest">
        <test-method is-config="true" signature="setUpClass()[pri:0, instance:TestRunner.HomePageRunnerTest@2d52216b]" started-at="2024-08-05T09:57:56 IST" name="setUpClass" finished-at="2024-08-05T09:57:57 IST" duration-ms="724" status="PASS">
          <reporter-output>
          </reporter-output>
        </test-method> <!-- setUpClass -->
        <test-method signature="runScenario(io.cucumber.testng.PickleWrapper,io.cucumber.testng.FeatureWrapper)[pri:0, instance:TestRunner.HomePageRunnerTest@2d52216b]" started-at="2024-08-05T09:57:57 IST" name="runScenario" description="Runs Cucumber Scenarios" data-provider="scenarios" finished-at="2024-08-05T09:58:54 IST" duration-ms="57462" status="PASS">
          <params>
            <param index="0">
              <value>
                <![CDATA["End to End Testing for Tendable Application"]]>
              </value>
            </param>
            <param index="1">
              <value>
                <![CDATA["Optional[Home Page Features]"]]>
              </value>
            </param>
          </params>
          <reporter-output>
          </reporter-output>
        </test-method> <!-- runScenario -->
        <test-method is-config="true" signature="tearDownClass()[pri:0, instance:TestRunner.HomePageRunnerTest@2d52216b]" started-at="2024-08-05T09:58:54 IST" name="tearDownClass" finished-at="2024-08-05T09:58:54 IST" duration-ms="40" status="PASS">
          <reporter-output>
          </reporter-output>
        </test-method> <!-- tearDownClass -->
      </class> <!-- TestRunner.HomePageRunnerTest -->
    </test> <!-- Default test -->
  </suite> <!-- Default suite -->
</testng-results>
